#
# There is insufficient memory for the Java Runtime Environment to continue.
# Native memory allocation (malloc) failed to allocate 2657936 bytes for Chunk::new
# Possible reasons:
#   The system is out of physical RAM or swap space
#   The process is running with CompressedOops enabled, and the Java Heap may be blocking the growth of the native heap
# Possible solutions:
#   Reduce memory load on the system
#   Increase physical memory or swap space
#   Check if swap backing store is full
#   Decrease Java heap size (-Xmx/-Xms)
#   Decrease number of Java threads
#   Decrease Java thread stack sizes (-Xss)
#   Set larger code cache with -XX:ReservedCodeCacheSize=
#   JVM is running with Unscaled Compressed Oops mode in which the Java heap is
#     placed in the first 4GB address space. The Java Heap base address is the
#     maximum limit for the native heap growth. Please use -XX:HeapBaseMinAddress
#     to set the Java Heap base and to place the Java Heap above 4GB virtual address.
# This output file may be truncated or incomplete.
#
#  Out of Memory Error (allocation.cpp:389), pid=9016, tid=0x0000000000007c28
#
# JRE version: OpenJDK Runtime Environment (8.0_242-b01) (build 1.8.0_242-release-1644-b01)
# Java VM: OpenJDK 64-Bit Server VM (25.242-b01 mixed mode windows-amd64 compressed oops)
# Failed to write core dump. Minidumps are not enabled by default on client versions of Windows
#

---------------  T H R E A D  ---------------

Current thread (0x000000001a4cd000):  JavaThread "C2 CompilerThread0" daemon [_thread_in_native, id=31784, stack(0x000000001acf0000,0x000000001adf0000)]

Stack: [0x000000001acf0000,0x000000001adf0000]
[error occurred during error reporting (printing stack bounds), id 0xc0000005]

Native frames: (J=compiled Java code, j=interpreted, Vv=VM code, C=native code)


Current CompileTask:
C2:   7337 4614       4       com.sun.beans.TypeResolver::resolve (37 bytes)


---------------  P R O C E S S  ---------------

Java Threads: ( => current thread )
  0x000000001d48f000 JavaThread "pool-1-thread-1" [_thread_blocked, id=33372, stack(0x000000002b140000,0x000000002b240000)]
  0x000000001d48e800 JavaThread "Cache worker for Build Output Cleanup Cache (D:\eclipse\MyApplication1\.gradle\buildOutputCleanup)" [_thread_blocked, id=32596, stack(0x0000000027e00000,0x0000000027f00000)]
  0x000000001d490800 JavaThread "jar transforms Thread 92" [_thread_blocked, id=34408, stack(0x000000002b040000,0x000000002b140000)]
  0x000000001d48d800 JavaThread "jar transforms Thread 91" [_thread_blocked, id=34376, stack(0x000000002af40000,0x000000002b040000)]
  0x000000001d48d000 JavaThread "jar transforms Thread 90" [_thread_blocked, id=28900, stack(0x000000002ae40000,0x000000002af40000)]
  0x000000001d48c000 JavaThread "jar transforms Thread 89" [_thread_blocked, id=34468, stack(0x000000002ad40000,0x000000002ae40000)]
  0x000000001d48b800 JavaThread "jar transforms Thread 88" [_thread_blocked, id=24092, stack(0x000000002ac40000,0x000000002ad40000)]
  0x000000001d490000 JavaThread "jar transforms Thread 87" [_thread_blocked, id=16948, stack(0x000000002ab40000,0x000000002ac40000)]
  0x000000001d491800 JavaThread "jar transforms Thread 86" [_thread_blocked, id=29184, stack(0x000000002aa40000,0x000000002ab40000)]
  0x000000001d484000 JavaThread "jar transforms Thread 85" [_thread_blocked, id=11724, stack(0x000000002a940000,0x000000002aa40000)]
  0x000000001d48a800 JavaThread "jar transforms Thread 84" [_thread_blocked, id=11600, stack(0x000000002a840000,0x000000002a940000)]
  0x000000001d483000 JavaThread "jar transforms Thread 83" [_thread_blocked, id=33392, stack(0x000000002a740000,0x000000002a840000)]
  0x000000001d48a000 JavaThread "jar transforms Thread 82" [_thread_blocked, id=32540, stack(0x000000002a640000,0x000000002a740000)]
  0x000000001d486000 JavaThread "jar transforms Thread 81" [_thread_blocked, id=1336, stack(0x000000002a540000,0x000000002a640000)]
  0x000000001d484800 JavaThread "jar transforms Thread 80" [_thread_blocked, id=28064, stack(0x000000002a440000,0x000000002a540000)]
  0x000000001d482800 JavaThread "jar transforms Thread 79" [_thread_blocked, id=16200, stack(0x000000002a340000,0x000000002a440000)]
  0x000000001d489000 JavaThread "jar transforms Thread 78" [_thread_blocked, id=32192, stack(0x000000002a240000,0x000000002a340000)]
  0x000000001d488800 JavaThread "jar transforms Thread 77" [_thread_blocked, id=11260, stack(0x000000002a140000,0x000000002a240000)]
  0x000000001d487800 JavaThread "jar transforms Thread 76" [_thread_blocked, id=33764, stack(0x000000002a040000,0x000000002a140000)]
  0x000000001d487000 JavaThread "jar transforms Thread 75" [_thread_blocked, id=2804, stack(0x0000000029f40000,0x000000002a040000)]
  0x000000001d485800 JavaThread "jar transforms Thread 74" [_thread_blocked, id=1452, stack(0x0000000029e40000,0x0000000029f40000)]
  0x000000001d62e800 JavaThread "jar transforms Thread 73" [_thread_blocked, id=17700, stack(0x0000000029d40000,0x0000000029e40000)]
  0x000000001d635800 JavaThread "jar transforms Thread 72" [_thread_blocked, id=32624, stack(0x0000000029c40000,0x0000000029d40000)]
  0x000000001d634800 JavaThread "jar transforms Thread 71" [_thread_blocked, id=5668, stack(0x0000000029b40000,0x0000000029c40000)]
  0x000000001d634000 JavaThread "jar transforms Thread 70" [_thread_blocked, id=8116, stack(0x0000000029a40000,0x0000000029b40000)]
  0x000000001d632800 JavaThread "jar transforms Thread 69" [_thread_blocked, id=6648, stack(0x0000000029940000,0x0000000029a40000)]
  0x000000001d631800 JavaThread "jar transforms Thread 68" [_thread_blocked, id=31876, stack(0x0000000029840000,0x0000000029940000)]
  0x000000001d633000 JavaThread "jar transforms Thread 67" [_thread_blocked, id=752, stack(0x0000000029740000,0x0000000029840000)]
  0x000000001d630000 JavaThread "jar transforms Thread 66" [_thread_blocked, id=34440, stack(0x0000000029640000,0x0000000029740000)]
  0x000000001d62f800 JavaThread "jar transforms Thread 65" [_thread_blocked, id=21676, stack(0x0000000029540000,0x0000000029640000)]
  0x000000001d631000 JavaThread "jar transforms Thread 64" [_thread_blocked, id=33264, stack(0x0000000029440000,0x0000000029540000)]
  0x000000001d627000 JavaThread "jar transforms Thread 63" [_thread_blocked, id=31756, stack(0x0000000029340000,0x0000000029440000)]
  0x000000001d62e000 JavaThread "jar transforms Thread 62" [_thread_blocked, id=33068, stack(0x0000000029240000,0x0000000029340000)]
  0x000000001d626800 JavaThread "jar transforms Thread 61" [_thread_blocked, id=33428, stack(0x0000000029140000,0x0000000029240000)]
  0x000000001d62d000 JavaThread "jar transforms Thread 60" [_thread_blocked, id=33464, stack(0x0000000029040000,0x0000000029140000)]
  0x000000001d62b000 JavaThread "jar transforms Thread 59" [_thread_blocked, id=32452, stack(0x0000000028f40000,0x0000000029040000)]
  0x000000001d628000 JavaThread "jar transforms Thread 58" [_thread_blocked, id=14040, stack(0x0000000028e40000,0x0000000028f40000)]
  0x000000001d62c800 JavaThread "jar transforms Thread 57" [_thread_blocked, id=34056, stack(0x0000000028d40000,0x0000000028e40000)]
  0x000000001d62a000 JavaThread "jar transforms Thread 56" [_thread_blocked, id=31468, stack(0x0000000028c40000,0x0000000028d40000)]
  0x000000001d62b800 JavaThread "jar transforms Thread 55" [_thread_blocked, id=13040, stack(0x0000000028b40000,0x0000000028c40000)]
  0x000000001d628800 JavaThread "jar transforms Thread 54" [_thread_blocked, id=16636, stack(0x0000000028a40000,0x0000000028b40000)]
  0x000000001d629800 JavaThread "jar transforms Thread 53" [_thread_blocked, id=10000, stack(0x0000000028940000,0x0000000028a40000)]
  0x000000001d72c800 JavaThread "jar transforms Thread 52" [_thread_blocked, id=33996, stack(0x0000000028840000,0x0000000028940000)]
  0x000000001d728000 JavaThread "jar transforms Thread 51" [_thread_blocked, id=2148, stack(0x0000000028740000,0x0000000028840000)]
  0x000000001d72b800 JavaThread "jar transforms Thread 50" [_thread_blocked, id=31960, stack(0x0000000028640000,0x0000000028740000)]
  0x000000001d72b000 JavaThread "jar transforms Thread 49" [_thread_blocked, id=33044, stack(0x0000000028540000,0x0000000028640000)]
  0x000000001d72f000 JavaThread "jar transforms Thread 48" [_thread_blocked, id=14868, stack(0x0000000028440000,0x0000000028540000)]
  0x000000001d727000 JavaThread "jar transforms Thread 47" [_thread_blocked, id=33496, stack(0x0000000028340000,0x0000000028440000)]
  0x000000001d72a000 JavaThread "jar transforms Thread 46" [_thread_blocked, id=29772, stack(0x0000000028240000,0x0000000028340000)]
  0x000000001d72e000 JavaThread "jar transforms Thread 45" [_thread_blocked, id=32512, stack(0x0000000028140000,0x0000000028240000)]
  0x000000001d72d800 JavaThread "jar transforms Thread 44" [_thread_blocked, id=29808, stack(0x0000000028040000,0x0000000028140000)]
  0x000000001d729800 JavaThread "jar transforms Thread 43" [_thread_blocked, id=23976, stack(0x0000000027f40000,0x0000000028040000)]
  0x000000001d728800 JavaThread "jar transforms Thread 42" [_thread_blocked, id=33448, stack(0x0000000027b00000,0x0000000027c00000)]
  0x000000001d71f800 JavaThread "jar transforms Thread 41" [_thread_blocked, id=12344, stack(0x0000000027a00000,0x0000000027b00000)]
  0x000000001d725000 JavaThread "jar transforms Thread 40" [_thread_blocked, id=22240, stack(0x0000000027900000,0x0000000027a00000)]
  0x000000001d724000 JavaThread "jar transforms Thread 39" [_thread_blocked, id=84, stack(0x0000000027800000,0x0000000027900000)]
  0x000000001d720800 JavaThread "jar transforms Thread 38" [_thread_blocked, id=15820, stack(0x0000000027700000,0x0000000027800000)]
  0x000000001d722000 JavaThread "jar transforms Thread 37" [_thread_blocked, id=22324, stack(0x0000000027600000,0x0000000027700000)]
  0x000000001d723800 JavaThread "jar transforms Thread 36" [_thread_blocked, id=30768, stack(0x0000000027500000,0x0000000027600000)]
  0x000000001d722800 JavaThread "jar transforms Thread 35" [_thread_blocked, id=25096, stack(0x0000000027400000,0x0000000027500000)]
  0x000000001d725800 JavaThread "jar transforms Thread 34" [_thread_blocked, id=18456, stack(0x0000000027300000,0x0000000027400000)]
  0x000000001d721000 JavaThread "jar transforms Thread 33" [_thread_blocked, id=31712, stack(0x0000000027200000,0x0000000027300000)]
  0x000000001d726800 JavaThread "jar transforms Thread 32" [_thread_blocked, id=16248, stack(0x0000000027100000,0x0000000027200000)]
  0x0000000022591800 JavaThread "jar transforms Thread 31" [_thread_blocked, id=33240, stack(0x0000000027000000,0x0000000027100000)]
  0x0000000022590800 JavaThread "jar transforms Thread 30" [_thread_blocked, id=23152, stack(0x0000000026f00000,0x0000000027000000)]
  0x0000000022593000 JavaThread "jar transforms Thread 29" [_thread_blocked, id=31708, stack(0x0000000026e00000,0x0000000026f00000)]
  0x000000002258f000 JavaThread "jar transforms Thread 28" [_thread_blocked, id=30528, stack(0x0000000026d00000,0x0000000026e00000)]
  0x0000000022593800 JavaThread "jar transforms Thread 27" [_thread_blocked, id=31804, stack(0x0000000026c00000,0x0000000026d00000)]
  0x0000000022590000 JavaThread "jar transforms Thread 26" [_thread_blocked, id=30832, stack(0x0000000026b00000,0x0000000026c00000)]
  0x0000000022594800 JavaThread "jar transforms Thread 25" [_thread_blocked, id=30856, stack(0x0000000026a00000,0x0000000026b00000)]
  0x0000000022592000 JavaThread "jar transforms Thread 24" [_thread_blocked, id=33412, stack(0x0000000026900000,0x0000000026a00000)]
  0x0000000022587800 JavaThread "jar transforms Thread 23" [_thread_blocked, id=28104, stack(0x0000000026800000,0x0000000026900000)]
  0x000000002258e800 JavaThread "jar transforms Thread 22" [_thread_blocked, id=32964, stack(0x0000000026700000,0x0000000026800000)]
  0x0000000022587000 JavaThread "jar transforms Thread 21" [_thread_blocked, id=29292, stack(0x0000000026600000,0x0000000026700000)]
  0x000000002258d800 JavaThread "jar transforms Thread 20" [_thread_blocked, id=29720, stack(0x0000000026500000,0x0000000026600000)]
  0x0000000022586000 JavaThread "jar transforms Thread 19" [_thread_blocked, id=14348, stack(0x0000000026400000,0x0000000026500000)]
  0x000000002258d000 JavaThread "jar transforms Thread 18" [_thread_blocked, id=18336, stack(0x0000000026300000,0x0000000026400000)]
  0x000000002258b800 JavaThread "jar transforms Thread 17" [_thread_blocked, id=28712, stack(0x0000000026200000,0x0000000026300000)]
  0x0000000022589000 JavaThread "jar transforms Thread 16" [_thread_blocked, id=31636, stack(0x0000000026100000,0x0000000026200000)]
  0x0000000022585800 JavaThread "jar transforms Thread 15" [_thread_blocked, id=22048, stack(0x0000000026000000,0x0000000026100000)]
  0x0000000022588800 JavaThread "jar transforms Thread 14" [_thread_blocked, id=32276, stack(0x0000000025f00000,0x0000000026000000)]
  0x000000002258a000 JavaThread "jar transforms Thread 13" [_thread_blocked, id=18488, stack(0x0000000025e00000,0x0000000025f00000)]
  0x000000002258c000 JavaThread "jar transforms Thread 12" [_thread_blocked, id=33416, stack(0x0000000025d00000,0x0000000025e00000)]
  0x000000002258a800 JavaThread "jar transforms Thread 11" [_thread_blocked, id=14004, stack(0x0000000025c00000,0x0000000025d00000)]
  0x000000001f7d8000 JavaThread "jar transforms Thread 10" [_thread_blocked, id=32744, stack(0x0000000025b00000,0x0000000025c00000)]
  0x000000001f7dc800 JavaThread "jar transforms Thread 9" [_thread_blocked, id=16668, stack(0x0000000025a00000,0x0000000025b00000)]
  0x000000001f7db000 JavaThread "jar transforms Thread 8" [_thread_blocked, id=22340, stack(0x0000000025900000,0x0000000025a00000)]
  0x000000001f7da800 JavaThread "jar transforms Thread 7" [_thread_blocked, id=21664, stack(0x0000000025800000,0x0000000025900000)]
  0x000000001f7d9800 JavaThread "jar transforms Thread 6" [_thread_blocked, id=33908, stack(0x0000000025700000,0x0000000025800000)]
  0x000000001f7dd800 JavaThread "jar transforms Thread 5" [_thread_blocked, id=6296, stack(0x0000000025600000,0x0000000025700000)]
  0x000000001f7d9000 JavaThread "jar transforms Thread 4" [_thread_blocked, id=33520, stack(0x0000000025500000,0x0000000025600000)]
  0x000000001f7dc000 JavaThread "jar transforms Thread 3" [_thread_blocked, id=32560, stack(0x0000000025400000,0x0000000025500000)]
  0x000000001f7d0800 JavaThread "jar transforms Thread 2" [_thread_blocked, id=12012, stack(0x0000000025300000,0x0000000025400000)]
  0x000000001f7d7800 JavaThread "Build operations Thread 8" [_thread_blocked, id=25132, stack(0x0000000025100000,0x0000000025200000)]
  0x000000001f7d3800 JavaThread "Build operations Thread 7" [_thread_blocked, id=32024, stack(0x0000000025000000,0x0000000025100000)]
  0x000000001f7d0000 JavaThread "Build operations Thread 6" [_thread_blocked, id=11684, stack(0x0000000024f00000,0x0000000025000000)]
  0x000000001f7d3000 JavaThread "Build operations Thread 5" [_thread_blocked, id=15668, stack(0x0000000024e00000,0x0000000024f00000)]
  0x000000001f7d2000 JavaThread "Build operations Thread 4" [_thread_blocked, id=22920, stack(0x0000000024d00000,0x0000000024e00000)]
  0x000000001f7d6800 JavaThread "Build operations Thread 3" [_thread_blocked, id=33648, stack(0x0000000024c00000,0x0000000024d00000)]
  0x000000001f7d4800 JavaThread "Build operations Thread 2" [_thread_blocked, id=19688, stack(0x0000000024b00000,0x0000000024c00000)]
  0x000000001f7cf000 JavaThread "Build operations" [_thread_blocked, id=30580, stack(0x00000000247b0000,0x00000000248b0000)]
  0x000000001d237000 JavaThread "Cache worker for file content cache (C:\Users\kiki\.gradle\caches\6.5\fileContent)" [_thread_blocked, id=24144, stack(0x00000000242b0000,0x00000000243b0000)]
  0x000000001d23d000 JavaThread "jar transforms" [_thread_blocked, id=21292, stack(0x00000000241b0000,0x00000000242b0000)]
  0x000000001d23c000 JavaThread "Cache worker for execution history cache (C:\Users\kiki\.gradle\caches\6.5\executionHistory)" [_thread_blocked, id=15384, stack(0x0000000022a70000,0x0000000022b70000)]
  0x000000001d239000 JavaThread "Cache worker for cache directory md-rule (C:\Users\kiki\.gradle\caches\6.5\md-rule)" [_thread_blocked, id=21712, stack(0x0000000022970000,0x0000000022a70000)]
  0x000000001d237800 JavaThread "Cache worker for cache directory md-supplier (C:\Users\kiki\.gradle\caches\6.5\md-supplier)" [_thread_blocked, id=7828, stack(0x0000000021620000,0x0000000021720000)]
  0x000000001d23a000 JavaThread "Cache worker for checksums cache (D:\eclipse\MyApplication1\.gradle\checksums)" [_thread_blocked, id=23672, stack(0x0000000021520000,0x0000000021620000)]
  0x000000001d23b800 JavaThread "Cache worker for file hash cache (D:\eclipse\MyApplication1\.gradle\6.5\fileHashes)" [_thread_blocked, id=22208, stack(0x000000001f040000,0x000000001f140000)]
  0x000000001d238800 JavaThread "Cache worker for file hash cache (C:\Users\kiki\.gradle\caches\6.5\fileHashes)" [_thread_blocked, id=20768, stack(0x000000001ef40000,0x000000001f040000)]
  0x000000001d23a800 JavaThread "File lock request listener" [_thread_in_native, id=34092, stack(0x000000001ee40000,0x000000001ef40000)]
  0x000000001b334000 JavaThread "Cache worker for journal cache (C:\Users\kiki\.gradle\caches\journal-1)" [_thread_blocked, id=25752, stack(0x000000001ed40000,0x000000001ee40000)]
  0x000000001d025800 JavaThread "Thread-9" [_thread_blocked, id=30956, stack(0x000000001ea40000,0x000000001eb40000)]
  0x000000001d027000 JavaThread "Stdin handler" [_thread_blocked, id=16532, stack(0x000000001e940000,0x000000001ea40000)]
  0x000000001d030000 JavaThread "Asynchronous log dispatcher for DefaultDaemonConnection: socket connection from /127.0.0.1:58273 to /127.0.0.1:58274" [_thread_blocked, id=30152, stack(0x000000001e840000,0x000000001e940000)]
  0x000000001cfc3800 JavaThread "Daemon worker" [_thread_blocked, id=31036, stack(0x000000001e740000,0x000000001e840000)]
  0x000000001cff2000 JavaThread "Cancel handler" [_thread_blocked, id=16544, stack(0x000000001e640000,0x000000001e740000)]
  0x000000001cfb7800 JavaThread "Handler for socket connection from /127.0.0.1:58273 to /127.0.0.1:58274" [_thread_in_native, id=10412, stack(0x000000001e540000,0x000000001e640000)]
  0x000000001cf83000 JavaThread "Daemon" [_thread_blocked, id=31940, stack(0x000000001e440000,0x000000001e540000)]
  0x000000001cf82000 JavaThread "Daemon periodic checks" [_thread_blocked, id=16340, stack(0x000000001e140000,0x000000001e240000)]
  0x000000001cf80000 JavaThread "Incoming local TCP Connector on port 58273" [_thread_in_native, id=1880, stack(0x000000001df90000,0x000000001e090000)]
  0x000000001cecb000 JavaThread "Daemon health stats" [_thread_blocked, id=32640, stack(0x000000001dc90000,0x000000001dd90000)]
  0x000000001a5b4000 JavaThread "Service Thread" daemon [_thread_blocked, id=33756, stack(0x000000001b0f0000,0x000000001b1f0000)]
  0x000000001a52d000 JavaThread "C1 CompilerThread3" daemon [_thread_blocked, id=33008, stack(0x000000001aff0000,0x000000001b0f0000)]
  0x00000000186db800 JavaThread "C2 CompilerThread2" daemon [_thread_in_native, id=33488, stack(0x000000001aef0000,0x000000001aff0000)]
  0x000000001a4d3000 JavaThread "C2 CompilerThread1" daemon [_thread_blocked, id=33316, stack(0x000000001adf0000,0x000000001aef0000)]
=>0x000000001a4cd000 JavaThread "C2 CompilerThread0" daemon [_thread_in_native, id=31784, stack(0x000000001acf0000,0x000000001adf0000)]
  0x000000001a4cc800 JavaThread "Attach Listener" daemon [_thread_blocked, id=28416, stack(0x000000001abf0000,0x000000001acf0000)]
  0x000000001a4b6800 JavaThread "Signal Dispatcher" daemon [_thread_blocked, id=34680, stack(0x000000001aaf0000,0x000000001abf0000)]
  0x000000000365d800 JavaThread "Finalizer" daemon [_thread_blocked, id=11048, stack(0x000000001a990000,0x000000001aa90000)]
  0x00000000186cc000 JavaThread "Reference Handler" daemon [_thread_blocked, id=7428, stack(0x000000001a890000,0x000000001a990000)]
  0x000000000341d800 JavaThread "main" [_thread_blocked, id=7156, stack(0x0000000003460000,0x0000000003560000)]

Other Threads:
  0x00000000186c8000 VMThread [stack: 0x000000001a390000,0x000000001a490000] [id=21772]
  0x000000001a5bc800 WatcherThread [stack: 0x000000001b1f0000,0x000000001b2f0000] [id=9400]

VM state:not at safepoint (normal execution)

VM Mutex/Monitor currently owned by a thread:  ([mutex/lock_event])
[0x000000000341cb40] Safepoint_lock - owner thread: 0x00000000186c8000
[0x000000000341cfc0] Threads_lock - owner thread: 0x00000000186c8000

heap address: 0x0000000080000000, size: 2048 MB, Compressed Oops mode: 32-bit
Narrow klass base: 0x0000000000000000, Narrow klass shift: 3
Compressed class space size: 1073741824 Address: 0x0000000100000000

Heap:
 PSYoungGen      total 173056K, used 14241K [0x00000000d5580000, 0x00000000e1e00000, 0x0000000100000000)
  eden space 161792K, 1% used [0x00000000d5580000,0x00000000d586c640,0x00000000df380000)
  from space 11264K, 99% used [0x00000000e0800000,0x00000000e12fc040,0x00000000e1300000)
  to   space 8192K, 0% used [0x00000000e1600000,0x00000000e1600000,0x00000000e1e00000)
 ParOldGen       total 137216K, used 27771K [0x0000000080000000, 0x0000000088600000, 0x00000000d5580000)
  object space 137216K, 20% used [0x0000000080000000,0x0000000081b1ec58,0x0000000088600000)
 Metaspace       used 53399K, capacity 55616K, committed 55768K, reserved 1097728K
  class space    used 7219K, capacity 7656K, committed 7680K, reserved 1048576K

Card table byte_map: [0x0000000012a20000,0x0000000012e30000] byte_map_base: 0x0000000012620000

Marking Bits: (ParMarkBitMap*) 0x000000007003f030
 Begin Bits: [0x00000000138e0000, 0x00000000158e0000)
 End Bits:   [0x00000000158e0000, 0x00000000178e0000)

Polling page: 0x0000000000ff0000

CodeCache: size=245760Kb used=15515Kb max_used=16381Kb free=230244Kb
 bounds [0x0000000003660000, 0x0000000004670000, 0x0000000012660000]
 total_blobs=5195 nmethods=4430 adapters=678
 compilation: enabled

Compilation events (10 events):
Event: 7.301 Thread 0x000000001a52d000 nmethod 4760 0x00000000039a1b10 code [0x00000000039a1c60, 0x00000000039a1e10]
Event: 7.305 Thread 0x000000001a52d000 4761       3       org.gradle.api.internal.provider.AbstractProperty$FinalizationState::<init> (5 bytes)
Event: 7.305 Thread 0x000000001a52d000 nmethod 4761 0x0000000003acde90 code [0x0000000003ace000, 0x0000000003ace210]
Event: 7.305 Thread 0x000000001a52d000 4762       3       org.gradle.api.internal.provider.AbstractProperty$FinalizationState::<init> (5 bytes)
Event: 7.305 Thread 0x000000001a52d000 nmethod 4762 0x0000000003bece90 code [0x0000000003becfe0, 0x0000000003bed190]
Event: 7.306 Thread 0x000000001a52d000 4763       3       org.gradle.api.internal.provider.DefaultProperty::<init> (26 bytes)
Event: 7.306 Thread 0x000000001a52d000 nmethod 4763 0x0000000003978450 code [0x0000000003978640, 0x00000000039790e8]
Event: 7.306 Thread 0x000000001a52d000 4764       3       org.gradle.api.internal.provider.AbstractProperty::<init> (17 bytes)
Event: 7.307 Thread 0x000000001a52d000 nmethod 4764 0x0000000003a4c610 code [0x0000000003a4c7a0, 0x0000000003a4cbb0]
Event: 7.309 Thread 0x000000001a4d3000 4765       4       java.util.jar.Manifest::getTrustedAttributes (57 bytes)

GC Heap History (10 events):
Event: 3.547 GC heap after
Heap after GC invocations=6 (full 1):
 PSYoungGen      total 75776K, used 8337K [0x00000000d5580000, 0x00000000dd880000, 0x0000000100000000)
  eden space 65024K, 0% used [0x00000000d5580000,0x00000000d5580000,0x00000000d9500000)
  from space 10752K, 77% used [0x00000000d9500000,0x00000000d9d24560,0x00000000d9f80000)
  to   space 12288K, 0% used [0x00000000dcc80000,0x00000000dcc80000,0x00000000dd880000)
 ParOldGen       total 91648K, used 7330K [0x0000000080000000, 0x0000000085980000, 0x00000000d5580000)
  object space 91648K, 7% used [0x0000000080000000,0x0000000080728910,0x0000000085980000)
 Metaspace       used 28511K, capacity 29386K, committed 29568K, reserved 1075200K
  class space    used 3943K, capacity 4191K, committed 4224K, reserved 1048576K
}
Event: 4.157 GC heap before
{Heap before GC invocations=7 (full 1):
 PSYoungGen      total 75776K, used 73361K [0x00000000d5580000, 0x00000000dd880000, 0x0000000100000000)
  eden space 65024K, 100% used [0x00000000d5580000,0x00000000d9500000,0x00000000d9500000)
  from space 10752K, 77% used [0x00000000d9500000,0x00000000d9d24560,0x00000000d9f80000)
  to   space 12288K, 0% used [0x00000000dcc80000,0x00000000dcc80000,0x00000000dd880000)
 ParOldGen       total 91648K, used 7330K [0x0000000080000000, 0x0000000085980000, 0x00000000d5580000)
  object space 91648K, 7% used [0x0000000080000000,0x0000000080728910,0x0000000085980000)
 Metaspace       used 32759K, capacity 33814K, committed 34048K, reserved 1079296K
  class space    used 4475K, capacity 4755K, committed 4864K, reserved 1048576K
Event: 4.166 GC heap after
Heap after GC invocations=7 (full 1):
 PSYoungGen      total 118784K, used 9100K [0x00000000d5580000, 0x00000000dd700000, 0x0000000100000000)
  eden space 108032K, 0% used [0x00000000d5580000,0x00000000d5580000,0x00000000dbf00000)
  from space 10752K, 84% used [0x00000000dcc80000,0x00000000dd563240,0x00000000dd700000)
  to   space 12288K, 0% used [0x00000000dbf00000,0x00000000dbf00000,0x00000000dcb00000)
 ParOldGen       total 91648K, used 7338K [0x0000000080000000, 0x0000000085980000, 0x00000000d5580000)
  object space 91648K, 8% used [0x0000000080000000,0x000000008072a910,0x0000000085980000)
 Metaspace       used 32759K, capacity 33814K, committed 34048K, reserved 1079296K
  class space    used 4475K, capacity 4755K, committed 4864K, reserved 1048576K
}
Event: 4.384 GC heap before
{Heap before GC invocations=8 (full 1):
 PSYoungGen      total 118784K, used 37917K [0x00000000d5580000, 0x00000000dd700000, 0x0000000100000000)
  eden space 108032K, 26% used [0x00000000d5580000,0x00000000d71a4470,0x00000000dbf00000)
  from space 10752K, 84% used [0x00000000dcc80000,0x00000000dd563240,0x00000000dd700000)
  to   space 12288K, 0% used [0x00000000dbf00000,0x00000000dbf00000,0x00000000dcb00000)
 ParOldGen       total 91648K, used 7338K [0x0000000080000000, 0x0000000085980000, 0x00000000d5580000)
  object space 91648K, 8% used [0x0000000080000000,0x000000008072a910,0x0000000085980000)
 Metaspace       used 34218K, capacity 35398K, committed 35416K, reserved 1079296K
  class space    used 4709K, capacity 4974K, committed 4992K, reserved 1048576K
Event: 4.394 GC heap after
Heap after GC invocations=8 (full 1):
 PSYoungGen      total 120320K, used 8025K [0x00000000d5580000, 0x00000000e2180000, 0x0000000100000000)
  eden space 108032K, 0% used [0x00000000d5580000,0x00000000d5580000,0x00000000dbf00000)
  from space 12288K, 65% used [0x00000000dbf00000,0x00000000dc6d67e8,0x00000000dcb00000)
  to   space 11776K, 0% used [0x00000000e1600000,0x00000000e1600000,0x00000000e2180000)
 ParOldGen       total 91648K, used 7346K [0x0000000080000000, 0x0000000085980000, 0x00000000d5580000)
  object space 91648K, 8% used [0x0000000080000000,0x000000008072c910,0x0000000085980000)
 Metaspace       used 34218K, capacity 35398K, committed 35416K, reserved 1079296K
  class space    used 4709K, capacity 4974K, committed 4992K, reserved 1048576K
}
Event: 4.394 GC heap before
{Heap before GC invocations=9 (full 2):
 PSYoungGen      total 120320K, used 8025K [0x00000000d5580000, 0x00000000e2180000, 0x0000000100000000)
  eden space 108032K, 0% used [0x00000000d5580000,0x00000000d5580000,0x00000000dbf00000)
  from space 12288K, 65% used [0x00000000dbf00000,0x00000000dc6d67e8,0x00000000dcb00000)
  to   space 11776K, 0% used [0x00000000e1600000,0x00000000e1600000,0x00000000e2180000)
 ParOldGen       total 91648K, used 7346K [0x0000000080000000, 0x0000000085980000, 0x00000000d5580000)
  object space 91648K, 8% used [0x0000000080000000,0x000000008072c910,0x0000000085980000)
 Metaspace       used 34218K, capacity 35398K, committed 35416K, reserved 1079296K
  class space    used 4709K, capacity 4974K, committed 4992K, reserved 1048576K
Event: 4.446 GC heap after
Heap after GC invocations=9 (full 2):
 PSYoungGen      total 120320K, used 0K [0x00000000d5580000, 0x00000000e2180000, 0x0000000100000000)
  eden space 108032K, 0% used [0x00000000d5580000,0x00000000d5580000,0x00000000dbf00000)
  from space 12288K, 0% used [0x00000000dbf00000,0x00000000dbf00000,0x00000000dcb00000)
  to   space 11776K, 0% used [0x00000000e1600000,0x00000000e1600000,0x00000000e2180000)
 ParOldGen       total 137216K, used 14701K [0x0000000080000000, 0x0000000088600000, 0x00000000d5580000)
  object space 137216K, 10% used [0x0000000080000000,0x0000000080e5b7c0,0x0000000088600000)
 Metaspace       used 34218K, capacity 35398K, committed 35416K, reserved 1079296K
  class space    used 4709K, capacity 4974K, committed 4992K, reserved 1048576K
}
Event: 5.247 GC heap before
{Heap before GC invocations=10 (full 2):
 PSYoungGen      total 120320K, used 108032K [0x00000000d5580000, 0x00000000e2180000, 0x0000000100000000)
  eden space 108032K, 100% used [0x00000000d5580000,0x00000000dbf00000,0x00000000dbf00000)
  from space 12288K, 0% used [0x00000000dbf00000,0x00000000dbf00000,0x00000000dcb00000)
  to   space 11776K, 0% used [0x00000000e1600000,0x00000000e1600000,0x00000000e2180000)
 ParOldGen       total 137216K, used 14701K [0x0000000080000000, 0x0000000088600000, 0x00000000d5580000)
  object space 137216K, 10% used [0x0000000080000000,0x0000000080e5b7c0,0x0000000088600000)
 Metaspace       used 38263K, capacity 39972K, committed 40152K, reserved 1083392K
  class space    used 5277K, capacity 5622K, committed 5632K, reserved 1048576K
Event: 5.254 GC heap after
Heap after GC invocations=10 (full 2):
 PSYoungGen      total 169984K, used 8118K [0x00000000d5580000, 0x00000000e1e00000, 0x0000000100000000)
  eden space 161792K, 0% used [0x00000000d5580000,0x00000000d5580000,0x00000000df380000)
  from space 8192K, 99% used [0x00000000e1600000,0x00000000e1ded848,0x00000000e1e00000)
  to   space 11264K, 0% used [0x00000000e0800000,0x00000000e0800000,0x00000000e1300000)
 ParOldGen       total 137216K, used 14709K [0x0000000080000000, 0x0000000088600000, 0x00000000d5580000)
  object space 137216K, 10% used [0x0000000080000000,0x0000000080e5d7c0,0x0000000088600000)
 Metaspace       used 38263K, capacity 39972K, committed 40152K, reserved 1083392K
  class space    used 5277K, capacity 5622K, committed 5632K, reserved 1048576K
}
Event: 7.312 GC heap before
{Heap before GC invocations=11 (full 2):
 PSYoungGen      total 169984K, used 169910K [0x00000000d5580000, 0x00000000e1e00000, 0x0000000100000000)
  eden space 161792K, 100% used [0x00000000d5580000,0x00000000df380000,0x00000000df380000)
  from space 8192K, 99% used [0x00000000e1600000,0x00000000e1ded848,0x00000000e1e00000)
  to   space 11264K, 0% used [0x00000000e0800000,0x00000000e0800000,0x00000000e1300000)
 ParOldGen       total 137216K, used 14709K [0x0000000080000000, 0x0000000088600000, 0x00000000d5580000)
  object space 137216K, 10% used [0x0000000080000000,0x0000000080e5d7c0,0x0000000088600000)
 Metaspace       used 53395K, capacity 55616K, committed 55768K, reserved 1097728K
  class space    used 7218K, capacity 7656K, committed 7680K, reserved 1048576K

Deoptimization events (10 events):
Event: 6.069 Thread 0x000000001cfc3800 Uncommon trap: reason=bimorphic action=maybe_recompile pc=0x00000000042512b8 method=java.util.regex.Pattern$CharProperty.match(Ljava/util/regex/Matcher;ILjava/lang/CharSequence;)Z @ 18
Event: 6.069 Thread 0x000000001cfc3800 Uncommon trap: reason=bimorphic action=maybe_recompile pc=0x00000000042512b8 method=java.util.regex.Pattern$CharProperty.match(Ljava/util/regex/Matcher;ILjava/lang/CharSequence;)Z @ 18
Event: 6.069 Thread 0x000000001cfc3800 Uncommon trap: reason=bimorphic action=maybe_recompile pc=0x00000000042512b8 method=java.util.regex.Pattern$CharProperty.match(Ljava/util/regex/Matcher;ILjava/lang/CharSequence;)Z @ 18
Event: 6.088 Thread 0x000000001cfc3800 Uncommon trap: reason=bimorphic action=maybe_recompile pc=0x00000000042512b8 method=java.util.regex.Pattern$CharProperty.match(Ljava/util/regex/Matcher;ILjava/lang/CharSequence;)Z @ 18
Event: 6.265 Thread 0x000000001cfc3800 Uncommon trap: reason=unstable_if action=reinterpret pc=0x000000000409e1f0 method=org.gradle.internal.reflect.PropertyAccessorType.of(Ljava/lang/reflect/Method;)Lorg/gradle/internal/reflect/PropertyAccessorType; @ 56
Event: 6.524 Thread 0x000000001cfc3800 Uncommon trap: reason=unstable_if action=reinterpret pc=0x000000000456bb74 method=com.sun.org.apache.xerces.internal.impl.XMLEntityScanner.checkBeforeLoad(Lcom/sun/xml/internal/stream/Entity$ScannedEntity;II)I @ 18
Event: 6.581 Thread 0x000000001cfc3800 Uncommon trap: reason=unstable_if action=reinterpret pc=0x00000000043aa7f0 method=org.gradle.internal.instantiation.generator.AbstractClassGenerator$InjectionAnnotationValidator.validateMethod(Ljava/lang/reflect/Method;Lorg/gradle/internal/reflect/Propert
Event: 6.581 Thread 0x000000001cfc3800 Uncommon trap: reason=unstable_if action=reinterpret pc=0x00000000043cac50 method=org.gradle.internal.instantiation.generator.AbstractClassGenerator$InjectionAnnotationValidator.validateMethod(Ljava/lang/reflect/Method;Lorg/gradle/internal/reflect/Propert
Event: 6.656 Thread 0x000000001cfc3800 Uncommon trap: reason=null_check action=make_not_entrant pc=0x0000000003e12ad0 method=java.lang.Class.searchMethods([Ljava/lang/reflect/Method;Ljava/lang/String;[Ljava/lang/Class;)Ljava/lang/reflect/Method; @ 59
Event: 6.770 Thread 0x000000001cfc3800 Uncommon trap: reason=class_check action=maybe_recompile pc=0x0000000003dc0f28 method=java.util.WeakHashMap.eq(Ljava/lang/Object;Ljava/lang/Object;)Z @ 7

Classes redefined (0 events):
No events

Internal exceptions (10 events):
Event: 6.816 Thread 0x000000001cfc3800 Exception <a 'java/lang/ClassNotFoundException': build_3bfemaedrja3ph2ggsmbiux1q$_run_closure1BeanInfo> (0x00000000dd998260) thrown at [C:\src\AOSP-openjdk-git\hotspot\src\share\vm\classfile\systemDictionary.cpp, line 210]
Event: 6.817 Thread 0x000000001cfc3800 Exception <a 'java/lang/ClassNotFoundException': build_3bfemaedrja3ph2ggsmbiux1q$_run_closure1Customizer> (0x00000000dd9a8fc8) thrown at [C:\src\AOSP-openjdk-git\hotspot\src\share\vm\classfile\systemDictionary.cpp, line 210]
Event: 6.821 Thread 0x000000001cfc3800 Exception <a 'java/lang/ClassNotFoundException': org/gradle/api/JavaVersionBeanInfo> (0x00000000dda14840) thrown at [C:\src\AOSP-openjdk-git\hotspot\src\share\vm\classfile\systemDictionary.cpp, line 210]
Event: 6.822 Thread 0x000000001cfc3800 Exception <a 'java/lang/ClassNotFoundException': java/lang/EnumBeanInfo> (0x00000000dda1e710) thrown at [C:\src\AOSP-openjdk-git\hotspot\src\share\vm\classfile\systemDictionary.cpp, line 210]
Event: 6.822 Thread 0x000000001cfc3800 Exception <a 'java/lang/ClassNotFoundException': java/lang/EnumCustomizer> (0x00000000dda289b8) thrown at [C:\src\AOSP-openjdk-git\hotspot\src\share\vm\classfile\systemDictionary.cpp, line 210]
Event: 6.824 Thread 0x000000001cfc3800 Exception <a 'java/lang/ClassNotFoundException': org/gradle/api/JavaVersionCustomizer> (0x00000000dda5da80) thrown at [C:\src\AOSP-openjdk-git\hotspot\src\share\vm\classfile\systemDictionary.cpp, line 210]
Event: 6.830 Thread 0x000000001cfc3800 Exception <a 'java/lang/ClassNotFoundException': com/android/build/gradle/internal/CompileOptions_DecoratedBeanInfo> (0x00000000ddabdc40) thrown at [C:\src\AOSP-openjdk-git\hotspot\src\share\vm\classfile\systemDictionary.cpp, line 210]
Event: 6.831 Thread 0x000000001cfc3800 Exception <a 'java/lang/ClassNotFoundException': com/android/build/gradle/internal/CompileOptionsBeanInfo> (0x00000000ddad8e80) thrown at [C:\src\AOSP-openjdk-git\hotspot\src\share\vm\classfile\systemDictionary.cpp, line 210]
Event: 6.831 Thread 0x000000001cfc3800 Exception <a 'java/lang/ClassNotFoundException': com/android/build/gradle/internal/CompileOptionsCustomizer> (0x00000000ddaf42b8) thrown at [C:\src\AOSP-openjdk-git\hotspot\src\share\vm\classfile\systemDictionary.cpp, line 210]
Event: 6.833 Thread 0x000000001cfc3800 Exception <a 'java/lang/ClassNotFoundException': com/android/build/gradle/internal/CompileOptions_DecoratedCustomizer> (0x00000000ddb24900) thrown at [C:\src\AOSP-openjdk-git\hotspot\src\share\vm\classfile\systemDictionary.cpp, line 210]

Events (10 events):
Event: 7.309 loading class com/android/build/gradle/internal/scope/InternalArtifactType$EXTERNAL_FILE_LIB_DEX_ARCHIVES done
Event: 7.310 loading class com/android/build/gradle/internal/tasks/DexMergingAction
Event: 7.310 loading class com/android/build/gradle/internal/tasks/DexMergingAction done
Event: 7.310 loading class com/android/build/gradle/internal/tasks/DexMergingTask$CreationAction$WhenMappings
Event: 7.310 loading class com/android/build/gradle/internal/tasks/DexMergingTask$CreationAction$WhenMappings done
Event: 7.311 loading class com/android/build/gradle/internal/tasks/DexMergingTask
Event: 7.311 loading class com/android/build/gradle/internal/tasks/DexMergingTask done
Event: 7.312 loading class com/android/build/gradle/internal/tasks/DexMergingTask$CreationAction$handleProvider$1
Event: 7.312 loading class com/android/build/gradle/internal/tasks/DexMergingTask$CreationAction$handleProvider$1 done
Event: 7.312 Executing VM operation: ParallelGCFailedAllocation


Dynamic libraries:
0x00007ff6e70e0000 - 0x00007ff6e7111000 	D:\Android\Android Studio\jre\bin\java.exe
0x00007ffb962a0000 - 0x00007ffb96490000 	C:\Windows\SYSTEM32\ntdll.dll
0x00007ffb95710000 - 0x00007ffb957c2000 	C:\Windows\System32\KERNEL32.DLL
0x00007ffb93360000 - 0x00007ffb93605000 	C:\Windows\System32\KERNELBASE.dll
0x00007ffb94350000 - 0x00007ffb943f3000 	C:\Windows\System32\ADVAPI32.dll
0x00007ffb95b80000 - 0x00007ffb95c1e000 	C:\Windows\System32\msvcrt.dll
0x00007ffb945e0000 - 0x00007ffb94677000 	C:\Windows\System32\sechost.dll
0x00007ffb94400000 - 0x00007ffb9451f000 	C:\Windows\System32\RPCRT4.dll
0x00007ffb95eb0000 - 0x00007ffb96044000 	C:\Windows\System32\USER32.dll
0x00007ffb93de0000 - 0x00007ffb93e01000 	C:\Windows\System32\win32u.dll
0x00007ffb96050000 - 0x00007ffb96076000 	C:\Windows\System32\GDI32.dll
0x00007ffb93ef0000 - 0x00007ffb94088000 	C:\Windows\System32\gdi32full.dll
0x00007ffb932c0000 - 0x00007ffb9335e000 	C:\Windows\System32\msvcp_win.dll
0x00007ffb94250000 - 0x00007ffb9434a000 	C:\Windows\System32\ucrtbase.dll
0x00007ffb7e6b0000 - 0x00007ffb7e934000 	C:\Windows\WinSxS\amd64_microsoft.windows.common-controls_6595b64144ccf1df_6.0.18362.1556_none_9e7e372fe45e41d5\COMCTL32.dll
0x00007ffb957d0000 - 0x00007ffb95b06000 	C:\Windows\System32\combase.dll
0x00007ffb93230000 - 0x00007ffb932b1000 	C:\Windows\System32\bcryptPrimitives.dll
0x00007ffb94a60000 - 0x00007ffb94a8e000 	C:\Windows\System32\IMM32.DLL
0x0000000070550000 - 0x0000000070622000 	D:\Android\Android Studio\jre\jre\bin\msvcr100.dll
0x000000006f870000 - 0x00000000700bb000 	D:\Android\Android Studio\jre\jre\bin\server\jvm.dll
0x00007ffb948f0000 - 0x00007ffb948f8000 	C:\Windows\System32\PSAPI.DLL
0x00007ffb90a10000 - 0x00007ffb90a19000 	C:\Windows\SYSTEM32\WSOCK32.dll
0x00007ffb85be0000 - 0x00007ffb85c04000 	C:\Windows\SYSTEM32\WINMM.dll
0x00007ffb8d0f0000 - 0x00007ffb8d0fa000 	C:\Windows\SYSTEM32\VERSION.dll
0x00007ffb95b10000 - 0x00007ffb95b7f000 	C:\Windows\System32\WS2_32.dll
0x00007ffb85970000 - 0x00007ffb8599d000 	C:\Windows\SYSTEM32\winmmbase.dll
0x00007ffb93d90000 - 0x00007ffb93dda000 	C:\Windows\System32\cfgmgr32.dll
0x00007ffb8dc80000 - 0x00007ffb8dc8f000 	D:\Android\Android Studio\jre\jre\bin\verify.dll
0x00007ffb67e50000 - 0x00007ffb67e79000 	D:\Android\Android Studio\jre\jre\bin\java.dll
0x00007ffb87990000 - 0x00007ffb879a6000 	D:\Android\Android Studio\jre\jre\bin\zip.dll
0x00007ffb94b40000 - 0x00007ffb95227000 	C:\Windows\System32\SHELL32.dll
0x00007ffb94530000 - 0x00007ffb945d8000 	C:\Windows\System32\shcore.dll
0x00007ffb93610000 - 0x00007ffb93d8b000 	C:\Windows\System32\windows.storage.dll
0x00007ffb931f0000 - 0x00007ffb9320e000 	C:\Windows\System32\profapi.dll
0x00007ffb93180000 - 0x00007ffb931ca000 	C:\Windows\System32\powrprof.dll
0x00007ffb93150000 - 0x00007ffb93160000 	C:\Windows\System32\UMPDC.dll
0x00007ffb95ca0000 - 0x00007ffb95cf2000 	C:\Windows\System32\shlwapi.dll
0x00007ffb93160000 - 0x00007ffb93171000 	C:\Windows\System32\kernel.appcore.dll
0x00007ffb93210000 - 0x00007ffb93227000 	C:\Windows\System32\cryptsp.dll
0x00007ffb683b0000 - 0x00007ffb683ca000 	D:\Android\Android Studio\jre\jre\bin\net.dll
0x00007ffb92990000 - 0x00007ffb929f7000 	C:\Windows\system32\mswsock.dll
0x00007ffb66a20000 - 0x00007ffb66a33000 	D:\Android\Android Studio\jre\jre\bin\nio.dll
0x00007ffb58930000 - 0x00007ffb58957000 	C:\Users\kiki\.gradle\native\f6784746aeab05261644944871eae4fe03e0ef1612fff0a4a95f87b438bc6780\windows-amd64\native-platform.dll
0x00007ffb84af0000 - 0x00007ffb84afd000 	D:\Android\Android Studio\jre\jre\bin\management.dll
0x00007ffb92510000 - 0x00007ffb92543000 	C:\Windows\system32\rsaenh.dll
0x00007ffb93ec0000 - 0x00007ffb93ee6000 	C:\Windows\System32\bcrypt.dll
0x00007ffb93070000 - 0x00007ffb93095000 	C:\Windows\SYSTEM32\USERENV.dll
0x00007ffb92b60000 - 0x00007ffb92b6c000 	C:\Windows\SYSTEM32\CRYPTBASE.dll
0x00007ffb926a0000 - 0x00007ffb926da000 	C:\Windows\SYSTEM32\IPHLPAPI.DLL
0x00007ffb94520000 - 0x00007ffb94528000 	C:\Windows\System32\NSI.dll
0x00007ffb8cb00000 - 0x00007ffb8cb16000 	C:\Windows\SYSTEM32\dhcpcsvc6.DLL
0x00007ffb8ca70000 - 0x00007ffb8ca8c000 	C:\Windows\SYSTEM32\dhcpcsvc.DLL
0x00007ffb926e0000 - 0x00007ffb927ab000 	C:\Windows\SYSTEM32\DNSAPI.dll
0x00007ffb8d5f0000 - 0x00007ffb8d5fb000 	C:\Windows\SYSTEM32\WINNSI.DLL

VM Arguments:
jvm_args: -Xmx2048m -Dfile.encoding=UTF-8 -Duser.country=CN -Duser.language=zh -Duser.variant 
java_command: org.gradle.launcher.daemon.bootstrap.GradleDaemon 6.5
java_class_path (initial): C:\Users\kiki\.gradle\wrapper\dists\gradle-6.5-bin\6nifqtx7604sqp1q6g8wikw7p\gradle-6.5\lib\gradle-launcher-6.5.jar
Launcher Type: SUN_STANDARD

Environment Variables:
JAVA_HOME=C:\Program Files\Java\jdk-15.0.2
CLASSPATH=.;C:\Program Files\Java\jdk-15.0.2\bin;C:\Program Files\Java\jdk-15.0.2\lib\dt.jar;C:\Program Files\Java\jdk-15.0.2\lib\tools.jar
PATH=C:\Program Files\Java\jdk-15.0.2\bin;C:\Program Files\Common Files\Oracle\Java\javapath;C:\Windows\system32;C:\Windows;C:\Windows\System32\Wbem;C:\Windows\System32\WindowsPowerShell\v1.0\;C:\Program Files (x86)\ATI Technologies\ATI.ACE\Core-StaticC:\Windows\system32;C:\Windows;C:\Windows\System32\Wbem;C:\Windows\System32\WindowsPowerShell\v1.0\;C:\Program Files (x86)\ATI Technologies\ATI.ACE\Core-Static;"C:\Users\kiki\AppData\Local\Programs\Python\Python39-32\Scripts\;C:\Program Files\Java\jdk-14.0.2\bin";C:\Users\kiki\AppData\Local\Microsoft\WindowsApps;C:\Users\kiki\.dotnet\tools;C:\Program Files\Bandizip\;
USERNAME=kiki
OS=Windows_NT
PROCESSOR_IDENTIFIER=Intel64 Family 6 Model 142 Stepping 12, GenuineIntel



---------------  S Y S T E M  ---------------

OS: Windows 10.0 , 64 bit Build 18362 (10.0.18362.1500)

CPU:total 8 (initial active 8) (4 cores per cpu, 2 threads per core) family 6 model 142 stepping 12, cmov, cx8, fxsr, mmx, sse, sse2, sse3, ssse3, sse4.1, sse4.2, popcnt, avx, avx2, aes, clmul, erms, 3dnowpref, lzcnt, ht, tsc, tscinvbit, bmi1, bmi2, adx

Memory: 4k page, physical 16601588k(2855208k free), swap 27087344k(416k free)

vm_info: OpenJDK 64-Bit Server VM (25.242-b01) for windows-amd64 JRE (1.8.0_242-release-1644-b01), built by "builder" with MS VC++ 10.0 (VS2010)

time: Wed May 26 13:03:47 2021
timezone: 中国标准时间
elapsed time: 7 seconds (0d 0h 0m 7s)

